Start auto log messages stack - Iteration 3.	[MsgId: MMSG-10545]
Notify: Transaction "01C_OnBoard_User_003_Click_Onboard_User" started.	[MsgId: MMSG-16999]
t=00206555ms: Step 9: Click on ONBOARD AS USER button started    [MsgId: MMSG-205180]	[MsgId: MMSG-205180]
t=00206919ms: Step 9: Click on ONBOARD AS USER button successfully completed with End Event "Step network completed"    [MsgId: MMSG-205180]	[MsgId: MMSG-205180]
Notify: Transaction "01C_OnBoard_User_003_Click_Onboard_User" ended with a "Pass" status (Duration: 0.3670 Wasted Time: 0.2030).	[MsgId: MMSG-16871]
t=00206923ms: Step 10: Wait 5 seconds started    [MsgId: MMSG-205180]	[MsgId: MMSG-205180]
t=00212128ms: Step 10: Wait 5 seconds successfully completed with End Event "Action completed"    [MsgId: MMSG-205180]	[MsgId: MMSG-205180]
Notify: Transaction "01C_OnBoard_User_004_Enter_Mandatory_Details" started.	[MsgId: MMSG-16999]
t=00212644ms: Step 11: Click on PROFILE IMAGE   OPTIONALChoose... textbox started    [MsgId: MMSG-205180]	[MsgId: MMSG-205180]
t=00233130ms: Error -205177: Step 11: Click on PROFILE IMAGE   OPTIONALChoose... textbox failed - Target object was not found. Identification Method: Automatic       Snapshot Info [MSH 3 0]    [MsgId: MERR-205177]	[MsgId: MERR-205177]
End auto log messages stack.	[MsgId: MMSG-10544]


Start auto log messages stack - Iteration 3.	[MsgId: MMSG-10545]
Notify: Transaction "01C_OnBoard_User_003_Click_Onboard_User" started.	[MsgId: MMSG-16999]
t=00213306ms: Step 9: Click on ONBOARD AS USER button started    [MsgId: MMSG-205180]	[MsgId: MMSG-205180]
t=00213683ms: Step 9: Click on ONBOARD AS USER button successfully completed with End Event "Step network completed"    [MsgId: MMSG-205180]	[MsgId: MMSG-205180]
Notify: Transaction "01C_OnBoard_User_003_Click_Onboard_User" ended with a "Pass" status (Duration: 0.3790 Wasted Time: 0.2020).	[MsgId: MMSG-16871]
t=00213685ms: Step 10: Wait 5 seconds started    [MsgId: MMSG-205180]	[MsgId: MMSG-205180]
t=00218906ms: Step 10: Wait 5 seconds successfully completed with End Event "Action completed"    [MsgId: MMSG-205180]	[MsgId: MMSG-205180]
Notify: Transaction "01C_OnBoard_User_004_Enter_Mandatory_Details" started.	[MsgId: MMSG-16999]
t=00219411ms: Step 11: Click on PROFILE IMAGE   OPTIONALChoose... textbox started    [MsgId: MMSG-205180]	[MsgId: MMSG-205180]
t=00239891ms: Error -205177: Step 11: Click on PROFILE IMAGE   OPTIONALChoose... textbox failed - Target object was not found. Identification Method: Automatic       Snapshot Info [MSH 3 0]    [MsgId: MERR-205177]	[MsgId: MERR-205177]
End auto log messages stack.	[MsgId: MMSG-10544]


Start auto log messages stack - Iteration 3.	[MsgId: MMSG-10545]
Notify: Transaction "01C_OnBoard_User_003_Click_Onboard_User" started.	[MsgId: MMSG-16999]
t=00218278ms: Step 9: Click on ONBOARD AS USER button started    [MsgId: MMSG-205180]	[MsgId: MMSG-205180]
t=00218653ms: Step 9: Click on ONBOARD AS USER button successfully completed with End Event "Step network completed"    [MsgId: MMSG-205180]	[MsgId: MMSG-205180]
Notify: Transaction "01C_OnBoard_User_003_Click_Onboard_User" ended with a "Pass" status (Duration: 0.3770 Wasted Time: 0.2010).	[MsgId: MMSG-16871]
t=00218656ms: Step 10: Wait 5 seconds started    [MsgId: MMSG-205180]	[MsgId: MMSG-205180]
t=00223875ms: Step 10: Wait 5 seconds successfully completed with End Event "Action completed"    [MsgId: MMSG-205180]	[MsgId: MMSG-205180]
Notify: Transaction "01C_OnBoard_User_004_Enter_Mandatory_Details" started.	[MsgId: MMSG-16999]
t=00224388ms: Step 11: Click on PROFILE IMAGE   OPTIONALChoose... textbox started    [MsgId: MMSG-205180]	[MsgId: MMSG-205180]
t=00244876ms: Error -205177: Step 11: Click on PROFILE IMAGE   OPTIONALChoose... textbox failed - Target object was not found. Identification Method: Automatic       Snapshot Info [MSH 3 0]    [MsgId: MERR-205177]	[MsgId: MERR-205177]
End auto log messages stack.	[MsgId: MMSG-10544]


